<?xml version="1.0" encoding="UTF-8"?>
<!-- Generated by org.testng.reporters.JUnitReportReporter -->
<testsuite hostname="LAPTOP-QMGLBV1S" failures="0" tests="2" name="automation.testcases.IntroductionPageTest" time="10.825" errors="0" timestamp="2022-02-07T22:58:10 CST" skipped="0">
  <testcase classname="automation.testcases.IntroductionPageTest" name="verifyLLIntroduction" time="5.109"/>
  <system-out/>
  <testcase classname="automation.testcases.IntroductionPageTest" name="verifyTryHere" time="5.716"/>
  <system-out/>
</testsuite> <!-- automation.testcases.IntroductionPageTest -->
