<?xml version="1.0" encoding="UTF-8"?>
<!-- Generated by org.testng.reporters.JUnitReportReporter -->
<testsuite hostname="LAPTOP-QMGLBV1S" failures="0" tests="1" name="automation.testcases.EndToEndTest" time="26.583" errors="0" timestamp="2022-02-07T22:58:10 CST" skipped="0">
  <testcase classname="automation.testcases.EndToEndTest" name="DemoEndToEndTest" time="26.583"/>
  <system-out>
You are logged in Page is scrolled by pixel No Errors Output is :Hello Page is scrolled by pixel Page is scrolled by pixel Logged out successfully  </system-out>
</testsuite> <!-- automation.testcases.EndToEndTest -->
