<?xml version="1.0" encoding="UTF-8"?>
<!-- Generated by org.testng.reporters.JUnitReportReporter -->
<testsuite hostname="LAPTOP-QMGLBV1S" failures="0" tests="1" name="automation.testcases.CreatingLLPageTest" time="4.766" errors="0" timestamp="2022-02-07T22:58:10 CST" skipped="0">
  <testcase classname="automation.testcases.CreatingLLPageTest" name="verifyCreatLLPage" time="4.766"/>
  <system-out/>
</testsuite> <!-- automation.testcases.CreatingLLPageTest -->
