<?xml version="1.0" encoding="UTF-8"?>
<!-- Generated by org.testng.reporters.JUnitReportReporter -->
<testsuite hostname="LAPTOP-QMGLBV1S" failures="0" tests="2" name="automation.testcases.ArrayPageTest" time="24.828" errors="0" timestamp="2022-02-07T22:58:10 CST" skipped="0">
  <testcase classname="automation.testcases.ArrayPageTest" name="varifyNumpyNinjalink" time="8.799"/>
  <system-out/>
  <testcase classname="automation.testcases.ArrayPageTest" name="verifyArrayPageLinks" time="16.029"/>
  <system-out>
Page is scrolled by pixel  </system-out>
</testsuite> <!-- automation.testcases.ArrayPageTest -->
