<?xml version="1.0" encoding="UTF-8"?>
<!-- Generated by org.testng.reporters.JUnitReportReporter -->
<testsuite hostname="LAPTOP-QMGLBV1S" failures="0" tests="1" name="automation.testcases.ImplementLLPageTest" time="4.924" errors="0" timestamp="2022-02-07T22:58:10 CST" skipped="0">
  <testcase classname="automation.testcases.ImplementLLPageTest" name="verifyImplementingLLPage" time="4.924"/>
  <system-out/>
</testsuite> <!-- automation.testcases.ImplementLLPageTest -->
