<?xml version="1.0" encoding="UTF-8"?>
<!-- Generated by org.testng.reporters.JUnitReportReporter -->
<testsuite hostname="LAPTOP-QMGLBV1S" failures="0" tests="1" name="automation.testcases.TestcasesPage" time="2.903" errors="0" timestamp="2021-10-30T02:01:40 CDT" skipped="0">
  <testcase classname="automation.testcases.TestcasesPage" name="navigate_to_homepage_click_on_getstarted" time="2.903"/>
  <system-out/>
</testsuite> <!-- automation.testcases.TestcasesPage -->
