<?xml version="1.0" encoding="UTF-8"?>
<!-- Generated by org.testng.reporters.JUnitReportReporter -->
<testsuite hostname="LAPTOP-QMGLBV1S" failures="0" tests="1" name="automation.testcases.StackAppliPageTest" time="5.017" errors="0" timestamp="2022-02-07T22:58:10 CST" skipped="0">
  <testcase classname="automation.testcases.StackAppliPageTest" name="verifyImplementingLLPage" time="5.017"/>
  <system-out/>
</testsuite> <!-- automation.testcases.StackAppliPageTest -->
