<?xml version="1.0" encoding="UTF-8"?>
<!-- Generated by org.testng.reporters.JUnitReportReporter -->
<testsuite hostname="LAPTOP-QMGLBV1S" failures="0" tests="2" name="automation.testcases.GraphInsidePageTest" time="19.409" errors="0" timestamp="2022-02-07T22:58:10 CST" skipped="0">
  <testcase classname="automation.testcases.GraphInsidePageTest" name="verifyGraphPageLinks" time="12.105"/>
  <system-out/>
  <testcase classname="automation.testcases.GraphInsidePageTest" name="verifyGraphPracQue" time="7.304"/>
  <system-out/>
</testsuite> <!-- automation.testcases.GraphInsidePageTest -->
