<?xml version="1.0" encoding="UTF-8"?>
<!-- Generated by org.testng.reporters.JUnitReportReporter -->
<testsuite hostname="LAPTOP-QMGLBV1S" failures="0" tests="1" name="automation.testcases.StartupPagevalidation" time="10.830" errors="0" timestamp="2021-10-28T17:11:57 CDT" skipped="0">
  <testcase classname="automation.testcases.StartupPagevalidation" name="StartUpPageValidation" time="10.830"/>
  <system-out>
    <![CDATA[Page URL:Numpy Ninja]]>
  </system-out>
</testsuite> <!-- automation.testcases.StartupPagevalidation -->
