<?xml version="1.0" encoding="UTF-8"?>
<!-- Generated by org.testng.reporters.JUnitReportReporter -->
<testsuite hostname="LAPTOP-QMGLBV1S" failures="0" tests="2" name="automation.testcases.StackOperationPageTest" time="15.306" errors="0" timestamp="2022-02-07T22:58:10 CST" skipped="0">
  <testcase classname="automation.testcases.StackOperationPageTest" name="verifyStackPageLinks" time="7.708"/>
  <system-out/>
  <testcase classname="automation.testcases.StackOperationPageTest" name="verifyTryHere" time="7.598"/>
  <system-out/>
</testsuite> <!-- automation.testcases.StackOperationPageTest -->
