<?xml version="1.0" encoding="UTF-8"?>
<!-- Generated by org.testng.reporters.JUnitReportReporter -->
<testsuite hostname="LAPTOP-QMGLBV1S" failures="0" tests="1" name="automation.testcases.TraversalPageTest" time="4.925" errors="0" timestamp="2022-02-07T22:58:10 CST" skipped="0">
  <testcase classname="automation.testcases.TraversalPageTest" name="verifyTtraversalPage" time="4.925"/>
  <system-out/>
</testsuite> <!-- automation.testcases.TraversalPageTest -->
