<?xml version="1.0" encoding="UTF-8"?>
<!-- Generated by org.testng.reporters.JUnitReportReporter -->
<testsuite hostname="LAPTOP-QMGLBV1S" failures="0" tests="2" name="automation.testcases.EditorWindowPageTest" time="53.677" errors="0" timestamp="2022-02-07T22:58:10 CST" skipped="0">
  <testcase classname="automation.testcases.EditorWindowPageTest" name="verifyEditorWindowforBadInput" time="18.129"/>
  <system-out>
Bad Input Output is :  </system-out>
  <testcase classname="automation.testcases.EditorWindowPageTest" name="verifyEditorWindowforGoodInput" time="35.548"/>
  <system-out>
No Errors Output is :Hello  </system-out>
</testsuite> <!-- automation.testcases.EditorWindowPageTest -->
