<?xml version="1.0" encoding="UTF-8"?>
<!-- Generated by org.testng.reporters.JUnitReportReporter -->
<testsuite hostname="LAPTOP-QMGLBV1S" failures="0" tests="2" name="automation.testcases.LinkedListPageTest" time="39.795" errors="0" timestamp="2022-02-07T22:58:10 CST" skipped="0">
  <testcase classname="automation.testcases.LinkedListPageTest" name="varifyNumpyNinjalink" time="4.878"/>
  <system-out/>
  <testcase classname="automation.testcases.LinkedListPageTest" name="verifyLinkedListPage" time="34.917"/>
  <system-out/>
</testsuite> <!-- automation.testcases.LinkedListPageTest -->
