<?xml version="1.0" encoding="UTF-8"?>
<!-- Generated by org.testng.reporters.JUnitReportReporter -->
<testsuite hostname="LAPTOP-QMGLBV1S" failures="0" tests="1" name="automation.testcases.HomePage" time="3.498" errors="0" timestamp="2021-10-28T14:31:10 CDT" skipped="0">
  <testcase classname="automation.testcases.HomePage" name="StartUpPageValidation" time="3.498"/>
  <system-out>
    <![CDATA[Page URL:Numpy Ninja]]>
  </system-out>
</testsuite> <!-- automation.testcases.HomePage -->
