<?xml version="1.0" encoding="UTF-8"?>
<!-- Generated by org.testng.reporters.JUnitReportReporter -->
<testsuite hostname="LAPTOP-QMGLBV1S" failures="0" tests="3" name="automation.testcases.StartUpPageTest" time="7.656" errors="0" timestamp="2022-02-07T22:58:10 CST" skipped="0">
  <testcase classname="automation.testcases.StartUpPageTest" name="verifyGetStartedBtnIsWorking" time="2.885"/>
  <system-out/>
  <testcase classname="automation.testcases.StartUpPageTest" name="verifyurl" time="2.425"/>
  <system-out/>
  <testcase classname="automation.testcases.StartUpPageTest" name="verifyTitle" time="2.346"/>
  <system-out/>
</testsuite> <!-- automation.testcases.StartUpPageTest -->
