<?xml version="1.0" encoding="UTF-8"?>
<!-- Generated by org.testng.reporters.JUnitReportReporter -->
<testsuite hostname="LAPTOP-QMGLBV1S" failures="0" tests="3" name="automation.testcases.TypeLLPageTest" time="25.445" errors="0" timestamp="2022-02-07T22:58:10 CST" skipped="0">
  <testcase classname="automation.testcases.TypeLLPageTest" name="verifyTypeLLPage" time="6.606"/>
  <system-out/>
  <testcase classname="automation.testcases.TypeLLPageTest" name="verifyTypeOfLL" time="5.263"/>
  <system-out/>
  <testcase classname="automation.testcases.TypeLLPageTest" name="verifyExternalLinks" time="13.576"/>
  <system-out/>
</testsuite> <!-- automation.testcases.TypeLLPageTest -->
