<?xml version="1.0" encoding="UTF-8"?>
<!-- Generated by org.testng.reporters.JUnitReportReporter -->
<testsuite hostname="LAPTOP-QMGLBV1S" failures="0" tests="2" name="automation.testcases.LinkedListPageValidation" time="7.363" errors="0" timestamp="2021-10-28T20:45:35 CDT" skipped="0">
  <testcase classname="automation.testcases.LinkedListPageValidation" name="navigate_to_homepage_click_on_getstarted" time="2.435"/>
  <system-out/>
  <testcase classname="automation.testcases.LinkedListPageValidation" name="Enter_user_details" time="4.928"/>
  <system-out/>
</testsuite> <!-- automation.testcases.LinkedListPageValidation -->
