<?xml version="1.0" encoding="UTF-8"?>
<!-- Generated by org.testng.reporters.JUnitReportReporter -->
<testsuite hostname="LAPTOP-QMGLBV1S" failures="0" tests="2" name="automation.testcases.StackPageTest" time="17.387" errors="0" timestamp="2022-02-07T22:58:10 CST" skipped="0">
  <testcase classname="automation.testcases.StackPageTest" name="verifyStackPageLinks" time="8.612"/>
  <system-out/>
  <testcase classname="automation.testcases.StackPageTest" name="varifyNumpyNinjalink" time="8.775"/>
  <system-out/>
</testsuite> <!-- automation.testcases.StackPageTest -->
