<?xml version="1.0" encoding="UTF-8"?>
<!-- Generated by org.testng.reporters.JUnitReportReporter -->
<testsuite hostname="LAPTOP-QMGLBV1S" failures="0" tests="2" name="automation.testcases.DSDropDownTest" time="24.400" errors="0" timestamp="2022-02-07T22:58:10 CST" skipped="0">
  <testcase classname="automation.testcases.DSDropDownTest" name="DSDropdownlinksValidation" time="19.792"/>
  <system-out>
https://dsportalapp.herokuapp.com/array/ https://dsportalapp.herokuapp.com/linked-list/ https://dsportalapp.herokuapp.com/stack/ https://dsportalapp.herokuapp.com/queue/ https://dsportalapp.herokuapp.com/tree/ https://dsportalapp.herokuapp.com/graph/  </system-out>
  <testcase classname="automation.testcases.DSDropDownTest" name="DSDropdownItemsByVisibleText" time="4.608"/>
  <system-out>
The no of item in dropdown list:6 Arrays Linked List Stack Queue Tree Graph  </system-out>
</testsuite> <!-- automation.testcases.DSDropDownTest -->
