<?xml version="1.0" encoding="UTF-8"?>
<!-- Generated by org.testng.reporters.JUnitReportReporter -->
<testsuite hostname="LAPTOP-QMGLBV1S" failures="0" tests="1" name="automation.testcases.GraphPageTest" time="9.370" errors="0" timestamp="2022-02-07T22:58:10 CST" skipped="0">
  <testcase classname="automation.testcases.GraphPageTest" name="verifyGraphPageLinks" time="9.370"/>
  <system-out/>
</testsuite> <!-- automation.testcases.GraphPageTest -->
